0 info it worked if it ends with ok
1 verbose cli [ '/usr/local/bin/node',
1 verbose cli   '/usr/local/bin/npm',
1 verbose cli   'install',
1 verbose cli   '--save',
1 verbose cli   'mongoose' ]
2 info using npm@2.10.1
3 info using node@v0.12.4
4 verbose install initial load of /var/www/rentaltracker/package.json
5 verbose installManyTop reading scoped package data from /var/www/rentaltracker/node_modules/async/package.json
6 verbose installManyTop reading scoped package data from /var/www/rentaltracker/node_modules/body-parser/package.json
7 verbose installManyTop reading scoped package data from /var/www/rentaltracker/node_modules/cheerio/package.json
8 verbose installManyTop reading scoped package data from /var/www/rentaltracker/node_modules/express/package.json
9 verbose installManyTop reading scoped package data from /var/www/rentaltracker/node_modules/geojson-utils/package.json
10 verbose installManyTop reading scoped package data from /var/www/rentaltracker/node_modules/gzippo/package.json
11 verbose installManyTop reading scoped package data from /var/www/rentaltracker/node_modules/method-override/package.json
12 verbose installManyTop reading scoped package data from /var/www/rentaltracker/node_modules/mongodb/package.json
13 verbose installManyTop reading scoped package data from /var/www/rentaltracker/node_modules/mongoose/package.json
14 verbose installManyTop reading scoped package data from /var/www/rentaltracker/node_modules/promise-map-series/package.json
15 verbose installManyTop reading scoped package data from /var/www/rentaltracker/node_modules/q/package.json
16 verbose installManyTop reading scoped package data from /var/www/rentaltracker/node_modules/request/package.json
17 verbose installManyTop reading scoped package data from /var/www/rentaltracker/node_modules/unirest/package.json
18 info package.json gzippo@0.2.0 No license field.
19 info package.json mongodb@2.0.33 license should be a valid SPDX license expression
20 info package.json q@1.4.1 license should be a valid SPDX license expression
21 verbose readDependencies loading dependencies from /var/www/rentaltracker/package.json
22 verbose install mongoose is installed as 4.0.5
23 silly cache add args [ 'mongoose@^4.0.5', null ]
24 verbose cache add spec mongoose@^4.0.5
25 silly cache add parsed spec { raw: 'mongoose@^4.0.5',
25 silly cache add   scope: null,
25 silly cache add   name: 'mongoose',
25 silly cache add   rawSpec: '^4.0.5',
25 silly cache add   spec: '>=4.0.5 <5.0.0',
25 silly cache add   type: 'range' }
26 silly addNamed mongoose@>=4.0.5 <5.0.0
27 verbose addNamed ">=4.0.5 <5.0.0" is a valid semver range for mongoose
28 silly addNameRange { name: 'mongoose', range: '>=4.0.5 <5.0.0', hasData: false }
29 silly mapToRegistry name mongoose
30 silly mapToRegistry using default registry
31 silly mapToRegistry registry https://registry.npmjs.org/
32 silly mapToRegistry uri https://registry.npmjs.org/mongoose
33 verbose addNameRange registry:https://registry.npmjs.org/mongoose not in flight; fetching
34 verbose request uri https://registry.npmjs.org/mongoose
35 verbose request no auth needed
36 info attempt registry request try #1 at 4:19:24 PM
37 verbose request id 9e12794312f0c299
38 verbose etag "1ZIQFQZ9EPM3IDXXDQZP8711A"
39 http request GET https://registry.npmjs.org/mongoose
40 http 304 https://registry.npmjs.org/mongoose
41 silly get cb [ 304,
41 silly get   { date: 'Fri, 19 Jun 2015 16:19:29 GMT',
41 silly get     via: '1.1 varnish',
41 silly get     'cache-control': 'max-age=60',
41 silly get     etag: '"1ZIQFQZ9EPM3IDXXDQZP8711A"',
41 silly get     age: '35',
41 silly get     connection: 'keep-alive',
41 silly get     'x-served-by': 'cache-iad2135-IAD',
41 silly get     'x-cache': 'HIT',
41 silly get     'x-cache-hits': '1',
41 silly get     'x-timer': 'S1434730769.931839,VS0,VE1',
41 silly get     vary: 'Accept' } ]
42 verbose etag https://registry.npmjs.org/mongoose from cache
43 verbose get saving mongoose to /home/ubuntu/.npm/registry.npmjs.org/mongoose/.cache.json
44 silly addNameRange number 2 { name: 'mongoose', range: '>=4.0.5 <5.0.0', hasData: true }
45 silly addNameRange versions [ 'mongoose',
45 silly addNameRange   [ '0.0.1',
45 silly addNameRange     '0.0.2',
45 silly addNameRange     '0.0.3',
45 silly addNameRange     '0.0.4',
45 silly addNameRange     '0.0.5',
45 silly addNameRange     '1.0.0',
45 silly addNameRange     '1.0.1',
45 silly addNameRange     '1.0.2',
45 silly addNameRange     '0.0.6',
45 silly addNameRange     '1.0.3',
45 silly addNameRange     '1.0.4',
45 silly addNameRange     '1.0.5',
45 silly addNameRange     '1.0.6',
45 silly addNameRange     '1.0.7',
45 silly addNameRange     '1.0.8',
45 silly addNameRange     '1.0.10',
45 silly addNameRange     '1.0.11',
45 silly addNameRange     '1.0.12',
45 silly addNameRange     '1.0.13',
45 silly addNameRange     '1.0.14',
45 silly addNameRange     '1.0.15',
45 silly addNameRange     '1.0.16',
45 silly addNameRange     '1.1.0',
45 silly addNameRange     '1.1.1',
45 silly addNameRange     '1.1.2',
45 silly addNameRange     '1.1.3',
45 silly addNameRange     '1.1.4',
45 silly addNameRange     '1.1.5',
45 silly addNameRange     '1.1.6',
45 silly addNameRange     '1.1.7',
45 silly addNameRange     '1.1.8',
45 silly addNameRange     '1.1.9',
45 silly addNameRange     '1.1.10',
45 silly addNameRange     '1.1.11',
45 silly addNameRange     '1.1.12',
45 silly addNameRange     '1.1.13',
45 silly addNameRange     '1.1.14',
45 silly addNameRange     '1.1.15',
45 silly addNameRange     '1.1.16',
45 silly addNameRange     '1.1.17',
45 silly addNameRange     '1.1.18',
45 silly addNameRange     '1.1.19',
45 silly addNameRange     '1.1.20',
45 silly addNameRange     '1.1.21',
45 silly addNameRange     '1.1.22',
45 silly addNameRange     '1.1.23',
45 silly addNameRange     '1.1.24',
45 silly addNameRange     '1.1.25',
45 silly addNameRange     '1.2.0',
45 silly addNameRange     '1.3.0',
45 silly addNameRange     '1.3.1',
45 silly addNameRange     '1.3.2',
45 silly addNameRange     '1.3.3',
45 silly addNameRange     '1.3.4',
45 silly addNameRange     '1.3.5',
45 silly addNameRange     '1.3.6',
45 silly addNameRange     '1.3.7',
45 silly addNameRange     '1.4.0',
45 silly addNameRange     '1.5.0',
45 silly addNameRange     '1.6.0',
45 silly addNameRange     '1.7.2',
45 silly addNameRange     '1.7.3',
45 silly addNameRange     '1.7.4',
45 silly addNameRange     '1.8.0',
45 silly addNameRange     '1.8.1',
45 silly addNameRange     '1.8.2',
45 silly addNameRange     '1.8.3',
45 silly addNameRange     '1.8.4',
45 silly addNameRange     '2.0.0',
45 silly addNameRange     '2.0.1',
45 silly addNameRange     '2.0.2',
45 silly addNameRange     '2.0.3',
45 silly addNameRange     '2.0.4',
45 silly addNameRange     '2.1.0',
45 silly addNameRange     '2.1.1',
45 silly addNameRange     '2.1.2',
45 silly addNameRange     '2.1.3',
45 silly addNameRange     '2.1.4',
45 silly addNameRange     '2.2.0',
45 silly addNameRange     '2.2.1',
45 silly addNameRange     '2.2.2',
45 silly addNameRange     '2.2.3',
45 silly addNameRange     '2.2.4',
45 silly addNameRange     '2.3.0',
45 silly addNameRange     '2.3.1',
45 silly addNameRange     '2.3.2',
45 silly addNameRange     '2.3.3',
45 silly addNameRange     '2.3.4',
45 silly addNameRange     '2.3.5',
45 silly addNameRange     '2.3.6',
45 silly addNameRange     '2.3.7',
45 silly addNameRange     '2.3.8',
45 silly addNameRange     '2.3.9',
45 silly addNameRange     '2.3.10',
45 silly addNameRange     '2.3.11',
45 silly addNameRange     '2.3.12',
45 silly addNameRange     '2.3.13',
45 silly addNameRange     '2.4.0',
45 silly addNameRange     '2.4.1',
45 silly addNameRange     '2.4.2',
45 silly addNameRange     '2.4.3',
45 silly addNameRange     '2.4.4',
45 silly addNameRange     '2.4.5',
45 silly addNameRange     '2.4.6',
45 silly addNameRange     '2.4.7',
45 silly addNameRange     '2.4.8',
45 silly addNameRange     '2.4.9',
45 silly addNameRange     '2.4.10',
45 silly addNameRange     '2.5.0',
45 silly addNameRange     '2.5.1',
45 silly addNameRange     '2.5.2',
45 silly addNameRange     '2.5.3',
45 silly addNameRange     '2.5.4',
45 silly addNameRange     '2.5.5',
45 silly addNameRange     '2.5.6',
45 silly addNameRange     '2.5.7',
45 silly addNameRange     '2.5.8',
45 silly addNameRange     '2.5.9',
45 silly addNameRange     '2.5.10',
45 silly addNameRange     '2.5.11',
45 silly addNameRange     '2.5.12',
45 silly addNameRange     '2.5.13',
45 silly addNameRange     '2.5.14',
45 silly addNameRange     '2.6.0',
45 silly addNameRange     '2.6.1',
45 silly addNameRange     '2.6.2',
45 silly addNameRange     '2.6.3',
45 silly addNameRange     '2.6.4',
45 silly addNameRange     '2.6.5',
45 silly addNameRange     '2.6.6',
45 silly addNameRange     '2.6.7',
45 silly addNameRange     '2.6.8',
45 silly addNameRange     '2.7.0',
45 silly addNameRange     '2.7.1',
45 silly addNameRange     '2.7.2',
45 silly addNameRange     '2.7.4',
45 silly addNameRange     '2.7.3',
45 silly addNameRange     '3.0.0',
45 silly addNameRange     '3.0.1',
45 silly addNameRange     '3.0.2',
45 silly addNameRange     '2.8.0',
45 silly addNameRange     '3.0.3',
45 silly addNameRange     '3.1.0',
45 silly addNameRange     '2.8.1',
45 silly addNameRange     '3.1.1',
45 silly addNameRange     '2.8.2',
45 silly addNameRange     '2.8.3',
45 silly addNameRange     '2.9.0',
45 silly addNameRange     '3.2.0',
45 silly addNameRange     '2.9.1',
45 silly addNameRange     '3.2.1',
45 silly addNameRange     '2.9.2',
45 silly addNameRange     '3.2.2',
45 silly addNameRange     '3.3.0',
45 silly addNameRange     '3.3.1',
45 silly addNameRange     '2.9.3',
45 silly addNameRange     '3.4.0',
45 silly addNameRange     '2.9.4',
45 silly addNameRange     '2.9.5',
45 silly addNameRange     '3.5.0',
45 silly addNameRange     '3.5.1',
45 silly addNameRange     '3.5.2',
45 silly addNameRange     '3.5.3',
45 silly addNameRange     '2.9.6',
45 silly addNameRange     '2.9.7',
45 silly addNameRange     '3.5.4',
45 silly addNameRange     '3.5.5',
45 silly addNameRange     '2.9.8',
45 silly addNameRange     '2.9.9',
45 silly addNameRange     '3.5.6',
45 silly addNameRange     '3.5.7',
45 silly addNameRange     '3.5.8',
45 silly addNameRange     '2.9.10',
45 silly addNameRange     '3.5.9',
45 silly addNameRange     '3.6.2',
45 silly addNameRange     '3.5.10',
45 silly addNameRange     '3.6.3',
45 silly addNameRange     '3.5.11',
45 silly addNameRange     '3.6.4',
45 silly addNameRange     '3.6.5',
45 silly addNameRange     '3.6.6',
45 silly addNameRange     '3.6.7',
45 silly addNameRange     '3.5.12',
45 silly addNameRange     '3.6.8',
45 silly addNameRange     '3.6.9',
45 silly addNameRange     '3.6.10',
45 silly addNameRange     '3.5.13',
45 silly addNameRange     '3.5.14',
45 silly addNameRange     '3.6.11',
45 silly addNameRange     '3.6.12',
45 silly addNameRange     '3.6.13',
45 silly addNameRange     '3.6.14',
45 silly addNameRange     '3.6.15',
45 silly addNameRange     '3.5.15',
45 silly addNameRange     '3.7.0',
45 silly addNameRange     '3.6.16',
45 silly addNameRange     '3.5.16',
45 silly addNameRange     '3.6.17',
45 silly addNameRange     '3.7.2',
45 silly addNameRange     '3.0.0-alpha1',
45 silly addNameRange     '3.0.0-alpha2',
45 silly addNameRange     '3.0.0-rc0',
45 silly addNameRange     '3.6.0-rc0',
45 silly addNameRange     '3.6.0-rc1',
45 silly addNameRange     '3.6.18',
45 silly addNameRange     '3.7.3',
45 silly addNameRange     '3.6.19',
45 silly addNameRange     '3.6.20',
45 silly addNameRange     '3.7.4',
45 silly addNameRange     '3.8.0',
45 silly addNameRange     '3.8.1',
45 silly addNameRange     '3.8.2',
45 silly addNameRange     '3.8.3',
45 silly addNameRange     '3.8.4',
45 silly addNameRange     '3.8.5',
45 silly addNameRange     '3.8.6',
45 silly addNameRange     '3.8.7',
45 silly addNameRange     '3.8.8',
45 silly addNameRange     '3.8.9',
45 silly addNameRange     '3.8.10',
45 silly addNameRange     '3.8.11',
45 silly addNameRange     '3.9.0',
45 silly addNameRange     '3.8.12',
45 silly addNameRange     '3.8.13',
45 silly addNameRange     '3.8.14',
45 silly addNameRange     '3.8.15',
45 silly addNameRange     '3.9.1',
45 silly addNameRange     '3.8.16',
45 silly addNameRange     '3.9.2',
45 silly addNameRange     '3.8.17',
45 silly addNameRange     '3.9.3',
45 silly addNameRange     '3.8.18',
45 silly addNameRange     '3.9.4',
45 silly addNameRange     '3.8.19',
45 silly addNameRange     '3.9.5',
45 silly addNameRange     '3.8.20',
45 silly addNameRange     '3.9.6',
45 silly addNameRange     '3.8.21',
45 silly addNameRange     '3.9.7',
45 silly addNameRange     '3.8.22',
45 silly addNameRange     '4.0.0-rc0',
45 silly addNameRange     '4.0.0-rc1',
45 silly addNameRange     '3.8.23',
45 silly addNameRange     '4.0.0-rc2',
45 silly addNameRange     '3.8.24',
45 silly addNameRange     '4.0.0-rc3',
45 silly addNameRange     '3.8.25',
45 silly addNameRange     '4.0.0-rc4',
45 silly addNameRange     '4.0.0',
45 silly addNameRange     '4.0.1',
45 silly addNameRange     '3.8.26',
45 silly addNameRange     '3.8.27',
45 silly addNameRange     '4.0.2',
45 silly addNameRange     '3.8.28',
45 silly addNameRange     '4.0.3',
45 silly addNameRange     '3.8.29',
45 silly addNameRange     '4.0.4',
45 silly addNameRange     '3.8.30',
45 silly addNameRange     '4.0.5' ] ]
46 silly addNamed mongoose@4.0.5
47 verbose addNamed "4.0.5" is a plain semver version for mongoose
48 silly cache afterAdd mongoose@4.0.5
49 verbose afterAdd /home/ubuntu/.npm/mongoose/4.0.5/package/package.json not in flight; writing
50 verbose afterAdd /home/ubuntu/.npm/mongoose/4.0.5/package/package.json written
51 silly install resolved [ { name: 'mongoose',
51 silly install resolved     description: 'Mongoose MongoDB ODM',
51 silly install resolved     version: '4.0.5',
51 silly install resolved     author: { name: 'Guillermo Rauch', email: 'guillermo@learnboost.com' },
51 silly install resolved     keywords:
51 silly install resolved      [ 'mongodb',
51 silly install resolved        'document',
51 silly install resolved        'model',
51 silly install resolved        'schema',
51 silly install resolved        'database',
51 silly install resolved        'odm',
51 silly install resolved        'data',
51 silly install resolved        'datastore',
51 silly install resolved        'query',
51 silly install resolved        'nosql',
51 silly install resolved        'orm',
51 silly install resolved        'db' ],
51 silly install resolved     license: 'MIT',
51 silly install resolved     dependencies:
51 silly install resolved      { async: '0.9.0',
51 silly install resolved        bson: '~0.3',
51 silly install resolved        'hooks-fixed': '1.0.1',
51 silly install resolved        kareem: '1.0.1',
51 silly install resolved        mongodb: '2.0.33',
51 silly install resolved        mpath: '0.1.1',
51 silly install resolved        mpromise: '0.5.4',
51 silly install resolved        mquery: '1.5.1',
51 silly install resolved        ms: '0.1.0',
51 silly install resolved        muri: '1.0.0',
51 silly install resolved        'regexp-clone': '0.0.1',
51 silly install resolved        sliced: '0.0.5' },
51 silly install resolved     devDependencies:
51 silly install resolved      { acquit: '0.0.3',
51 silly install resolved        benchmark: '1.0.0',
51 silly install resolved        co: '3.1.0',
51 silly install resolved        dox: '0.3.1',
51 silly install resolved        'highlight.js': '7.0.1',
51 silly install resolved        jade: '0.26.3',
51 silly install resolved        markdown: '0.3.1',
51 silly install resolved        marked: '0.3.2',
51 silly install resolved        mocha: '1.20.0',
51 silly install resolved        'node-static': '0.5.9',
51 silly install resolved        open: '0.0.3',
51 silly install resolved        tbd: '0.6.4',
51 silly install resolved        'uglify-js': '2.4.15',
51 silly install resolved        underscore: '1.5.2',
51 silly install resolved        istanbul: '^0.3.13' },
51 silly install resolved     browserDependencies:
51 silly install resolved      { browserify: '4.1.10',
51 silly install resolved        karma: '0.12.16',
51 silly install resolved        'karma-chai': '0.1.0',
51 silly install resolved        'karma-mocha': '0.1.4',
51 silly install resolved        'karma-chrome-launcher': '0.1.4',
51 silly install resolved        'karma-sauce-launcher': '0.2.8' },
51 silly install resolved     directories: { lib: './lib/mongoose' },
51 silly install resolved     scripts:
51 silly install resolved      { 'install-browser': 'npm install `node format_deps.js`',
51 silly install resolved        test: 'set MONGOOSE_DISABLE_STABILITY_WARNING=1 && mocha --async-only test/*.test.js',
51 silly install resolved        'test-cov': 'set MONGOOSE_DISABLE_STABILITY_WARNING=1 && node_modules/.bin/istanbul cover node_modules/.bin/_mocha --async-only test/*.test.js' },
51 silly install resolved     main: './index.js',
51 silly install resolved     engines: { node: '>=0.6.19' },
51 silly install resolved     bugs:
51 silly install resolved      { url: 'https://github.com/learnboost/mongoose/issues/new',
51 silly install resolved        email: 'mongoose-orm@googlegroups.com' },
51 silly install resolved     repository: { type: 'git', url: 'git://github.com/LearnBoost/mongoose.git' },
51 silly install resolved     homepage: 'http://mongoosejs.com',
51 silly install resolved     browser: 'lib/browser.js',
51 silly install resolved     gitHead: 'bc23e21d13c5e768024c3883692870fe094e5634',
51 silly install resolved     _id: 'mongoose@4.0.5',
51 silly install resolved     _shasum: 'f6781d96100e84d6cf72990efdca0ff7bc883a3d',
51 silly install resolved     _from: 'mongoose@>=4.0.5 <5.0.0',
51 silly install resolved     _npmVersion: '1.4.28',
51 silly install resolved     _npmUser: { name: 'vkarpov15', email: 'val@karpov.io' },
51 silly install resolved     maintainers: [ [Object], [Object], [Object], [Object], [Object] ],
51 silly install resolved     dist:
51 silly install resolved      { shasum: 'f6781d96100e84d6cf72990efdca0ff7bc883a3d',
51 silly install resolved        tarball: 'http://registry.npmjs.org/mongoose/-/mongoose-4.0.5.tgz' },
51 silly install resolved     _resolved: 'https://registry.npmjs.org/mongoose/-/mongoose-4.0.5.tgz',
51 silly install resolved     readme: 'ERROR: No README data found!' } ]
52 info install mongoose@4.0.5 into /var/www/rentaltracker
53 info installOne mongoose@4.0.5
54 verbose installOne of mongoose to /var/www/rentaltracker not in flight; installing
55 warn locking Error: EACCES, open '/home/ubuntu/.npm/_locks/mongoose-d9fba23d68562288.lock'
55 warn locking     at Error (native)
55 warn locking  /home/ubuntu/.npm/_locks/mongoose-d9fba23d68562288.lock failed { [Error: EACCES, open '/home/ubuntu/.npm/_locks/mongoose-d9fba23d68562288.lock']
55 warn locking   errno: -13,
55 warn locking   code: 'EACCES',
55 warn locking   path: '/home/ubuntu/.npm/_locks/mongoose-d9fba23d68562288.lock' }
56 verbose stack Error: Attempt to unlock /var/www/rentaltracker/node_modules/mongoose, which hasn't been locked
56 verbose stack     at unlock (/usr/local/lib/node_modules/npm/lib/utils/locker.js:66:11)
56 verbose stack     at cb (/usr/local/lib/node_modules/npm/lib/install.js:1017:5)
56 verbose stack     at /usr/local/lib/node_modules/npm/lib/install.js:1021:20
56 verbose stack     at /usr/local/lib/node_modules/npm/lib/utils/locker.js:40:9
56 verbose stack     at cb (/usr/local/lib/node_modules/npm/node_modules/lockfile/lockfile.js:149:38)
56 verbose stack     at /usr/local/lib/node_modules/npm/node_modules/lockfile/lockfile.js:177:38
56 verbose stack     at FSReqWrap.oncomplete (fs.js:95:15)
57 verbose cwd /var/www/rentaltracker
58 error Linux 3.13.0-48-generic
59 error argv "/usr/local/bin/node" "/usr/local/bin/npm" "install" "--save" "mongoose"
60 error node v0.12.4
61 error npm  v2.10.1
62 error Attempt to unlock /var/www/rentaltracker/node_modules/mongoose, which hasn't been locked
63 error If you need help, you may report this error at:
63 error     <https://github.com/npm/npm/issues>
64 verbose exit [ 1, true ]
